<?xml version="1.0" encoding="UTF-8"?>
<testng-results ignored="0" total="1" passed="1" failed="0" skipped="0">
  <reporter-output>
  </reporter-output>
  <suite started-at="2024-08-21T13:11:06 IST" name="Default suite" finished-at="2024-08-21T13:11:59 IST" duration-ms="53232">
    <groups>
    </groups>
    <test started-at="2024-08-21T13:11:06 IST" name="Default test" finished-at="2024-08-21T13:11:59 IST" duration-ms="53232">
      <class name="appium_mobile.appiumBasic">
        <test-method signature="AppiumTest()[pri:0, instance:appium_mobile.appiumBasic@5fd4f8f5]" started-at="2024-08-21T13:11:06 IST" name="AppiumTest" finished-at="2024-08-21T13:11:59 IST" duration-ms="53170" status="PASS">
          <reporter-output>
          </reporter-output>
        </test-method> <!-- AppiumTest -->
      </class> <!-- appium_mobile.appiumBasic -->
    </test> <!-- Default test -->
  </suite> <!-- Default suite -->
</testng-results>
